2025-06-21 08:41:00 | INFO | repo=ImageMagick | action=commit
2025-01-19 20:32:00 | INFO | repo=ImageMagick | action=commit
2025-12-14 20:43:00 | INFO | repo=ImageMagick | action=commit
2025-11-01 07:29:00 | WARN | repo=ImageMagick | action=commit
2025-09-10 07:25:00 | DEBUG | repo=ImageMagick | action=edit | files=3
2025-10-26 17:08:00 | DEBUG | repo=ImageMagick | action=commit
2025-01-18 18:37:00 | DEBUG | repo=ImageMagick | action=commit
2025-11-06 13:18:00 | DEBUG | repo=ImageMagick | action=commit
2025-11-02 12:21:00 | DEBUG | repo=ImageMagick | action=commit
2025-02-12 09:55:00 | WARN | repo=ImageMagick | action=edit | files=2
2025-05-12 19:41:00 | DEBUG | repo=ImageMagick | action=commit
2025-02-28 13:43:00 | DEBUG | repo=ImageMagick | action=commit
2025-10-03 20:55:00 | WARN | repo=ImageMagick | action=commit
2025-09-14 12:20:00 | INFO | repo=ImageMagick | action=commit
2025-12-05 09:17:00 | WARN | repo=ImageMagick | action=commit
2025-10-03 07:03:00 | DEBUG | repo=ImageMagick | action=pull
2025-02-01 15:04:00 | DEBUG | repo=ImageMagick | action=pull
2025-10-10 16:15:00 | INFO | repo=ImageMagick | action=edit | files=5
2025-01-28 19:06:00 | DEBUG | repo=ImageMagick | action=commit
2025-09-07 11:29:00 | DEBUG | repo=ImageMagick | action=commit
2025-01-28 08:25:00 | DEBUG | repo=ImageMagick | action=commit
2025-01-28 19:53:00 | INFO | repo=ImageMagick | action=commit
2025-03-10 17:44:00 | WARN | repo=ImageMagick | action=commit
2025-07-13 19:53:00 | INFO | repo=ImageMagick | action=commit
2025-08-12 17:23:00 | DEBUG | repo=ImageMagick | action=edit | files=4
2025-11-22 18:23:00 | DEBUG | repo=ImageMagick | action=commit
2025-03-27 15:22:00 | INFO | repo=ImageMagick | action=commit
2025-11-15 12:39:00 | DEBUG | repo=ImageMagick | action=commit
2025-03-23 14:41:00 | WARN | repo=ImageMagick | action=commit
2025-12-24 08:16:00 | INFO | repo=ImageMagick | action=commit
2025-08-09 13:30:00 | INFO | repo=ImageMagick | action=commit
2025-05-14 07:54:00 | DEBUG | repo=ImageMagick | action=commit
2025-06-18 07:52:00 | DEBUG | repo=ImageMagick | action=commit
2025-06-09 19:15:00 | INFO | repo=ImageMagick | action=commit
2025-02-05 07:25:00 | WARN | repo=ImageMagick | action=test | passed=true
2025-09-04 08:23:00 | DEBUG | repo=ImageMagick | action=commit
2025-06-23 14:34:00 | DEBUG | repo=ImageMagick | action=commit
2025-05-18 07:39:00 | WARN | repo=ImageMagick | action=test | passed=true
2025-04-21 21:14:00 | INFO | repo=ImageMagick | action=commit
2025-08-11 17:50:00 | DEBUG | repo=ImageMagick | action=test | passed=true
2025-02-04 10:04:00 | INFO | repo=ImageMagick | action=test | passed=true
2025-09-13 11:36:00 | INFO | repo=ImageMagick | action=commit
2025-11-20 13:52:00 | WARN | repo=ImageMagick | action=pull
2025-03-24 19:54:00 | WARN | repo=ImageMagick | action=commit
2025-09-08 14:37:00 | WARN | repo=ImageMagick | action=commit
2025-02-24 09:51:00 | INFO | repo=ImageMagick | action=commit
2025-12-24 21:50:00 | DEBUG | repo=ImageMagick | action=commit
2025-02-24 13:05:00 | DEBUG | repo=ImageMagick | action=commit
2025-12-28 09:19:00 | DEBUG | repo=ImageMagick | action=commit
2025-05-21 15:06:00 | DEBUG | repo=ImageMagick | action=edit | files=3
2025-12-02 07:34:00 | WARN | repo=ImageMagick | action=commit
2025-05-16 15:24:00 | DEBUG | repo=ImageMagick | action=commit
2025-07-24 19:54:00 | WARN | repo=ImageMagick | action=commit
2025-03-24 21:02:00 | INFO | repo=ImageMagick | action=commit
2025-06-19 07:06:00 | INFO | repo=ImageMagick | action=edit | files=3
2025-09-17 10:10:00 | DEBUG | repo=ImageMagick | action=commit
2025-02-05 09:18:00 | INFO | repo=ImageMagick | action=edit | files=3
2025-09-24 21:33:00 | WARN | repo=ImageMagick | action=commit
2025-04-22 18:20:00 | INFO | repo=ImageMagick | action=test | passed=true
2025-10-28 07:12:00 | WARN | repo=ImageMagick | action=commit
2025-04-25 08:37:00 | DEBUG | repo=ImageMagick | action=pull
2025-12-18 07:07:00 | DEBUG | repo=ImageMagick | action=commit
2025-12-15 16:37:00 | WARN | repo=ImageMagick | action=commit
2025-06-05 12:17:00 | INFO | repo=ImageMagick | action=test | passed=true
2025-11-09 14:46:00 | DEBUG | repo=ImageMagick | action=commit
2025-01-15 07:49:00 | INFO | repo=ImageMagick | action=test | passed=true
2025-11-08 08:28:00 | WARN | repo=ImageMagick | action=commit
2025-10-10 09:25:00 | INFO | repo=ImageMagick | action=edit | files=5
2025-07-26 08:12:00 | DEBUG | repo=ImageMagick | action=pull
2025-04-02 12:01:00 | INFO | repo=ImageMagick | action=commit
2025-07-17 20:29:00 | DEBUG | repo=ImageMagick | action=commit
2025-06-20 13:59:00 | INFO | repo=ImageMagick | action=pull
2025-11-05 13:49:00 | WARN | repo=ImageMagick | action=commit
2025-08-07 19:19:00 | INFO | repo=ImageMagick | action=pull
2025-01-21 18:47:00 | WARN | repo=ImageMagick | action=commit
2025-05-13 20:57:00 | DEBUG | repo=ImageMagick | action=commit
2025-10-28 15:43:00 | WARN | repo=ImageMagick | action=commit
2025-11-20 21:52:00 | WARN | repo=ImageMagick | action=commit
2025-06-13 09:44:00 | INFO | repo=ImageMagick | action=commit
2025-08-08 20:01:00 | DEBUG | repo=ImageMagick | action=commit
2025-12-07 12:01:00 | DEBUG | repo=ImageMagick | action=edit | files=4
2025-09-08 11:57:00 | INFO | repo=ImageMagick | action=commit
2025-11-24 19:20:00 | WARN | repo=ImageMagick | action=commit
2025-10-26 10:53:00 | DEBUG | repo=ImageMagick | action=commit
2025-04-11 13:07:00 | DEBUG | repo=ImageMagick | action=edit | files=2
2025-02-20 07:59:00 | INFO | repo=ImageMagick | action=commit
2025-06-06 10:49:00 | DEBUG | repo=ImageMagick | action=commit
2025-06-24 18:04:00 | DEBUG | repo=ImageMagick | action=commit
2025-11-10 15:02:00 | DEBUG | repo=ImageMagick | action=commit
2025-08-08 14:16:00 | INFO | repo=ImageMagick | action=edit | files=1
2025-12-27 14:19:00 | INFO | repo=ImageMagick | action=test | passed=true
2025-05-02 08:45:00 | DEBUG | repo=ImageMagick | action=commit
2025-11-22 15:15:00 | WARN | repo=ImageMagick | action=test | passed=true
2025-12-11 08:56:00 | DEBUG | repo=ImageMagick | action=commit
2025-03-12 09:46:00 | WARN | repo=ImageMagick | action=commit
2025-09-09 08:30:00 | WARN | repo=ImageMagick | action=commit
2025-10-02 09:26:00 | INFO | repo=ImageMagick | action=commit
2025-08-08 13:10:00 | DEBUG | repo=ImageMagick | action=test | passed=true
2025-06-09 19:35:00 | WARN | repo=ImageMagick | action=commit
2025-06-10 14:31:00 | DEBUG | repo=ImageMagick | action=commit
2025-03-12 09:55:00 | DEBUG | repo=ImageMagick | action=commit
2025-12-14 14:02:00 | WARN | repo=ImageMagick | action=test | passed=true
2026-02-06 09:14:00 | DEBUG | repo=ImageMagick | action=commit
2026-11-15 08:02:00 | WARN | repo=ImageMagick | action=pull
2026-09-27 16:06:00 | DEBUG | repo=ImageMagick | action=commit
2026-03-02 07:39:00 | INFO | repo=ImageMagick | action=commit
2026-09-24 10:11:00 | WARN | repo=ImageMagick | action=commit
2026-03-20 07:28:00 | WARN | repo=ImageMagick | action=commit
2026-07-19 20:23:00 | WARN | repo=ImageMagick | action=commit
2026-11-01 17:32:00 | INFO | repo=ImageMagick | action=commit
2026-04-14 07:22:00 | DEBUG | repo=ImageMagick | action=commit
2026-12-02 19:21:00 | WARN | repo=ImageMagick | action=test | passed=true
2026-05-02 15:39:00 | DEBUG | repo=ImageMagick | action=commit
2026-06-03 09:09:00 | WARN | repo=ImageMagick | action=commit
2026-04-07 14:39:00 | WARN | repo=ImageMagick | action=commit
2026-03-28 08:39:00 | WARN | repo=ImageMagick | action=pull
2026-05-12 20:29:00 | INFO | repo=ImageMagick | action=commit
2026-10-24 14:09:00 | DEBUG | repo=ImageMagick | action=commit
2026-03-08 15:01:00 | WARN | repo=ImageMagick | action=commit
2026-11-09 08:48:00 | DEBUG | repo=ImageMagick | action=commit
2026-06-12 19:56:00 | WARN | repo=ImageMagick | action=test | passed=true
2026-07-21 08:14:00 | INFO | repo=ImageMagick | action=commit
2026-10-27 19:11:00 | INFO | repo=ImageMagick | action=commit
2025-05-11 18:43:00 | INFO | repo=ImageMagick | action=test | passed=true
2025-07-15 11:53:00 | DEBUG | repo=ImageMagick | action=commit
2025-01-18 07:02:00 | INFO | repo=ImageMagick | action=edit | files=4
2025-06-16 20:57:00 | DEBUG | repo=ImageMagick | action=commit
2025-05-10 19:24:00 | WARN | repo=ImageMagick | action=commit
2025-03-14 20:28:00 | INFO | repo=ImageMagick | action=commit
2025-11-18 19:38:00 | INFO | repo=ImageMagick | action=commit
2025-10-24 11:59:00 | WARN | repo=ImageMagick | action=test | passed=true
2025-09-13 08:44:00 | DEBUG | repo=ImageMagick | action=commit
2025-09-17 08:22:00 | DEBUG | repo=ImageMagick | action=commit
2025-01-14 09:51:00 | INFO | repo=ImageMagick | action=edit | files=3
2025-08-10 14:13:00 | INFO | repo=ImageMagick | action=commit
2025-04-24 11:55:00 | DEBUG | repo=ImageMagick | action=commit
2025-02-19 15:15:00 | INFO | repo=ImageMagick | action=commit
2025-10-14 12:59:00 | WARN | repo=ImageMagick | action=commit
2025-11-21 14:03:00 | INFO | repo=ImageMagick | action=commit
2025-03-12 07:22:00 | WARN | repo=ImageMagick | action=commit
2025-11-20 18:20:00 | INFO | repo=ImageMagick | action=commit
2025-03-13 07:33:00 | INFO | repo=ImageMagick | action=commit
2025-01-05 21:25:00 | DEBUG | repo=ImageMagick | action=commit
2025-01-14 14:00:00 | WARN | repo=ImageMagick | action=test | passed=true
2025-02-24 07:23:00 | DEBUG | repo=ImageMagick | action=pull
2025-09-21 21:41:00 | WARN | repo=ImageMagick | action=test | passed=true
2025-01-28 13:40:00 | INFO | repo=ImageMagick | action=test | passed=true
2025-01-22 10:50:00 | WARN | repo=ImageMagick | action=commit
2025-09-16 07:23:00 | WARN | repo=ImageMagick | action=commit
2025-02-06 19:38:00 | DEBUG | repo=ImageMagick | action=commit
2025-09-04 11:41:00 | INFO | repo=ImageMagick | action=commit
2025-04-24 14:07:00 | INFO | repo=ImageMagick | action=pull
2025-06-14 07:41:00 | INFO | repo=ImageMagick | action=test | passed=true
2025-10-25 19:23:00 | DEBUG | repo=ImageMagick | action=commit
2025-04-02 08:42:00 | DEBUG | repo=ImageMagick | action=commit
2025-12-25 19:52:00 | DEBUG | repo=ImageMagick | action=commit
2025-05-24 14:44:00 | INFO | repo=ImageMagick | action=commit
2025-06-05 18:07:00 | WARN | repo=ImageMagick | action=test | passed=true
2025-02-08 09:58:00 | WARN | repo=ImageMagick | action=commit
2025-02-25 18:12:00 | DEBUG | repo=ImageMagick | action=commit
2025-06-16 16:39:00 | WARN | repo=ImageMagick | action=commit
2025-06-21 17:24:00 | INFO | repo=ImageMagick | action=edit | files=4
2025-02-18 21:12:00 | INFO | repo=ImageMagick | action=commit
2025-11-13 20:28:00 | INFO | repo=ImageMagick | action=commit
2025-02-15 15:55:00 | DEBUG | repo=ImageMagick | action=commit
2025-12-22 08:15:00 | INFO | repo=ImageMagick | action=commit
2025-05-12 10:23:00 | INFO | repo=ImageMagick | action=commit
2025-11-28 09:51:00 | WARN | repo=ImageMagick | action=edit | files=3
2025-05-14 07:04:00 | INFO | repo=ImageMagick | action=commit
2025-01-05 07:38:00 | DEBUG | repo=ImageMagick | action=commit
2025-11-11 08:03:00 | INFO | repo=ImageMagick | action=commit
2025-06-26 07:44:00 | WARN | repo=ImageMagick | action=commit
2025-08-14 14:22:00 | WARN | repo=ImageMagick | action=commit
2025-10-04 10:01:00 | WARN | repo=ImageMagick | action=pull
2025-02-21 17:07:00 | DEBUG | repo=ImageMagick | action=test | passed=true
2025-06-13 19:01:00 | DEBUG | repo=ImageMagick | action=commit
2025-11-05 18:39:00 | DEBUG | repo=ImageMagick | action=commit
2025-12-08 09:59:00 | INFO | repo=ImageMagick | action=pull
2025-10-11 12:29:00 | WARN | repo=ImageMagick | action=commit
2025-04-28 09:04:00 | WARN | repo=ImageMagick | action=edit | files=3
2025-08-17 15:48:00 | INFO | repo=ImageMagick | action=commit
2025-04-22 08:39:00 | WARN | repo=ImageMagick | action=commit
2025-10-15 20:43:00 | WARN | repo=ImageMagick | action=edit | files=3
2025-07-23 16:11:00 | WARN | repo=ImageMagick | action=edit | files=1
2025-10-20 14:43:00 | DEBUG | repo=ImageMagick | action=commit
2025-06-21 08:40:00 | WARN | repo=ImageMagick | action=pull
2025-07-09 20:57:00 | WARN | repo=ImageMagick | action=pull
2025-06-01 21:38:00 | INFO | repo=ImageMagick | action=test | passed=true
2025-09-12 14:16:00 | DEBUG | repo=ImageMagick | action=commit
2025-05-28 08:14:00 | DEBUG | repo=ImageMagick | action=commit
2025-09-28 08:20:00 | WARN | repo=ImageMagick | action=commit
2025-02-02 12:29:00 | DEBUG | repo=ImageMagick | action=commit
2025-04-03 12:22:00 | INFO | repo=ImageMagick | action=edit | files=1
2025-12-13 19:42:00 | DEBUG | repo=ImageMagick | action=edit | files=4
2025-08-06 07:22:00 | INFO | repo=ImageMagick | action=commit
2025-08-07 18:47:00 | INFO | repo=ImageMagick | action=edit | files=5
2025-05-07 07:55:00 | INFO | repo=ImageMagick | action=commit
2025-05-06 12:19:00 | INFO | repo=ImageMagick | action=commit
2024-07-16 18:33:00 | DEBUG | repo=ImageMagick | action=commit
2024-10-12 13:20:00 | DEBUG | repo=ImageMagick | action=commit
2025-02-28 18:14:00 | DEBUG | repo=ImageMagick | action=commit
2024-02-16 08:13:00 | WARN | repo=ImageMagick | action=commit
2025-01-12 20:20:00 | INFO | repo=ImageMagick | action=commit
2025-05-09 09:35:00 | INFO | repo=ImageMagick | action=commit
2024-09-26 08:48:00 | INFO | repo=ImageMagick | action=commit
2025-06-26 13:39:00 | INFO | repo=ImageMagick | action=commit
2024-07-13 20:54:00 | INFO | repo=ImageMagick | action=commit
2024-10-03 18:04:00 | WARN | repo=ImageMagick | action=commit
2025-05-14 12:13:00 | WARN | repo=ImageMagick | action=commit
2025-01-28 07:12:00 | WARN | repo=ImageMagick | action=commit
2025-04-15 09:58:00 | DEBUG | repo=ImageMagick | action=commit
2024-09-18 13:28:00 | INFO | repo=ImageMagick | action=commit
2024-09-07 17:11:00 | INFO | repo=ImageMagick | action=test | passed=true
2025-01-27 21:50:00 | WARN | repo=ImageMagick | action=commit
2025-01-25 11:41:00 | WARN | repo=ImageMagick | action=commit
2024-12-14 19:40:00 | WARN | repo=ImageMagick | action=commit
2024-10-11 09:10:00 | WARN | repo=ImageMagick | action=test | passed=true
2024-10-14 20:52:00 | WARN | repo=ImageMagick | action=commit
2024-09-27 17:14:00 | INFO | repo=ImageMagick | action=pull
2024-04-26 07:24:00 | DEBUG | repo=ImageMagick | action=commit
2024-03-10 16:29:00 | INFO | repo=ImageMagick | action=commit
2025-01-22 07:43:00 | WARN | repo=ImageMagick | action=pull
2025-05-13 15:56:00 | INFO | repo=ImageMagick | action=commit
2024-01-11 08:42:00 | INFO | repo=ImageMagick | action=commit
2025-08-17 15:10:00 | INFO | repo=ImageMagick | action=commit
2025-07-27 20:09:00 | WARN | repo=ImageMagick | action=commit
2025-04-15 14:32:00 | DEBUG | repo=ImageMagick | action=commit
2025-04-18 18:50:00 | WARN | repo=ImageMagick | action=commit
2024-12-23 08:56:00 | DEBUG | repo=ImageMagick | action=commit
2025-09-13 17:39:00 | DEBUG | repo=ImageMagick | action=edit | files=1
2024-03-15 09:47:00 | INFO | repo=ImageMagick | action=commit
2024-09-19 21:05:00 | INFO | repo=ImageMagick | action=commit
2025-06-25 20:26:00 | WARN | repo=ImageMagick | action=commit
2024-03-17 14:56:00 | WARN | repo=ImageMagick | action=edit | files=5
2025-04-07 21:38:00 | WARN | repo=ImageMagick | action=test | passed=true
2024-01-08 09:31:00 | WARN | repo=ImageMagick | action=commit
2025-02-07 09:25:00 | WARN | repo=ImageMagick | action=pull
2024-06-08 18:40:00 | WARN | repo=ImageMagick | action=test | passed=true
2025-07-28 07:37:00 | WARN | repo=ImageMagick | action=commit
2025-06-18 20:44:00 | INFO | repo=ImageMagick | action=test | passed=true
2025-08-17 19:41:00 | WARN | repo=ImageMagick | action=pull
2025-09-24 21:05:00 | DEBUG | repo=ImageMagick | action=test | passed=true
2024-10-23 09:11:00 | WARN | repo=ImageMagick | action=commit
2024-03-21 14:02:00 | DEBUG | repo=ImageMagick | action=commit
2024-08-15 08:37:00 | WARN | repo=ImageMagick | action=edit | files=3
2025-02-11 20:48:00 | INFO | repo=ImageMagick | action=test | passed=true
2024-01-09 18:15:00 | WARN | repo=ImageMagick | action=pull
2025-11-01 19:57:00 | WARN | repo=ImageMagick | action=test | passed=true
2024-05-01 20:26:00 | INFO | repo=ImageMagick | action=edit | files=5
2024-05-25 18:50:00 | WARN | repo=ImageMagick | action=pull
2024-06-08 10:19:00 | WARN | repo=ImageMagick | action=pull
2024-05-11 10:01:00 | WARN | repo=ImageMagick | action=test | passed=true
2024-11-24 12:03:00 | INFO | repo=ImageMagick | action=pull
2024-06-21 09:50:00 | DEBUG | repo=ImageMagick | action=pull
2024-06-08 17:42:00 | WARN | repo=ImageMagick | action=commit
2025-02-05 17:13:00 | WARN | repo=ImageMagick | action=commit
2025-09-06 15:52:00 | WARN | repo=ImageMagick | action=edit | files=1
2025-07-14 07:39:00 | INFO | repo=ImageMagick | action=commit
2025-03-20 08:06:00 | DEBUG | repo=ImageMagick | action=commit
2025-12-19 11:31:00 | DEBUG | repo=ImageMagick | action=edit | files=1
2025-03-24 21:17:00 | WARN | repo=ImageMagick | action=edit | files=2
2025-01-28 09:22:00 | WARN | repo=ImageMagick | action=commit
2025-03-11 20:53:00 | INFO | repo=ImageMagick | action=commit
2025-07-23 21:07:00 | DEBUG | repo=ImageMagick | action=commit
2025-01-15 07:41:00 | DEBUG | repo=ImageMagick | action=commit
2025-02-28 12:57:00 | DEBUG | repo=ImageMagick | action=commit
2025-05-25 19:58:00 | INFO | repo=ImageMagick | action=commit
2025-06-26 18:12:00 | INFO | repo=ImageMagick | action=commit
2025-11-21 08:45:00 | WARN | repo=ImageMagick | action=commit
2025-06-09 13:09:00 | INFO | repo=ImageMagick | action=commit
2025-04-08 08:05:00 | INFO | repo=ImageMagick | action=edit | files=5
2025-11-08 16:52:00 | INFO | repo=ImageMagick | action=pull
2025-09-04 20:59:00 | WARN | repo=ImageMagick | action=commit
2025-02-07 08:11:00 | DEBUG | repo=ImageMagick | action=commit
2025-03-06 08:55:00 | INFO | repo=ImageMagick | action=edit | files=4
2025-08-08 08:44:00 | WARN | repo=ImageMagick | action=commit
2025-12-15 09:41:00 | DEBUG | repo=ImageMagick | action=commit
2025-10-16 16:49:00 | WARN | repo=ImageMagick | action=commit
2025-08-21 21:09:00 | WARN | repo=ImageMagick | action=edit | files=2
2025-05-09 21:15:00 | DEBUG | repo=ImageMagick | action=test | passed=true
2025-01-18 13:32:00 | DEBUG | repo=ImageMagick | action=commit
2025-03-24 13:41:00 | INFO | repo=ImageMagick | action=commit
2025-04-04 16:08:00 | WARN | repo=ImageMagick | action=commit
2025-12-09 19:25:00 | INFO | repo=ImageMagick | action=commit
2025-02-03 11:58:00 | WARN | repo=ImageMagick | action=commit
2025-05-05 12:51:00 | INFO | repo=ImageMagick | action=commit
2025-09-12 19:20:00 | INFO | repo=ImageMagick | action=commit
2025-04-28 08:55:00 | DEBUG | repo=ImageMagick | action=commit
2025-08-25 12:36:00 | DEBUG | repo=ImageMagick | action=edit | files=2
2025-01-11 10:51:00 | INFO | repo=ImageMagick | action=commit
2025-07-21 18:13:00 | WARN | repo=ImageMagick | action=edit | files=5
2025-11-28 07:22:00 | INFO | repo=ImageMagick | action=test | passed=true
2025-06-10 20:58:00 | DEBUG | repo=ImageMagick | action=commit
2025-03-27 10:06:00 | INFO | repo=ImageMagick | action=commit
2025-12-02 21:14:00 | DEBUG | repo=ImageMagick | action=commit
2025-09-05 08:27:00 | INFO | repo=ImageMagick | action=pull
2025-05-17 13:27:00 | DEBUG | repo=ImageMagick | action=commit
2025-02-23 20:05:00 | WARN | repo=ImageMagick | action=commit
2025-04-22 12:51:00 | DEBUG | repo=ImageMagick | action=commit
2025-11-04 07:23:00 | WARN | repo=ImageMagick | action=commit
2025-08-25 19:29:00 | WARN | repo=ImageMagick | action=commit
2025-12-24 21:53:00 | INFO | repo=ImageMagick | action=commit
2025-09-25 20:33:00 | INFO | repo=ImageMagick | action=commit
2025-11-02 19:32:00 | INFO | repo=ImageMagick | action=test | passed=true
2025-02-09 18:54:00 | DEBUG | repo=ImageMagick | action=commit
2025-09-04 20:54:00 | WARN | repo=ImageMagick | action=commit
2025-02-15 20:29:00 | INFO | repo=ImageMagick | action=commit
2025-04-12 10:29:00 | INFO | repo=ImageMagick | action=pull
2025-09-06 09:37:00 | WARN | repo=ImageMagick | action=commit
2025-04-03 19:42:00 | WARN | repo=ImageMagick | action=commit
2025-03-27 15:50:00 | DEBUG | repo=ImageMagick | action=pull
2025-05-25 15:26:00 | WARN | repo=ImageMagick | action=commit
2025-11-17 08:51:00 | WARN | repo=ImageMagick | action=pull
2025-03-20 12:07:00 | DEBUG | repo=ImageMagick | action=commit
2025-05-03 18:52:00 | WARN | repo=ImageMagick | action=test | passed=true
2025-11-28 08:00:00 | DEBUG | repo=ImageMagick | action=pull
2025-02-01 20:13:00 | DEBUG | repo=ImageMagick | action=commit
2025-01-22 10:55:00 | WARN | repo=ImageMagick | action=edit | files=4
2025-01-04 13:41:00 | WARN | repo=ImageMagick | action=commit
2025-03-20 11:45:00 | DEBUG | repo=ImageMagick | action=commit
2025-06-02 15:59:00 | DEBUG | repo=ImageMagick | action=test | passed=true
2025-06-05 18:47:00 | INFO | repo=ImageMagick | action=commit
2025-04-14 08:58:00 | INFO | repo=ImageMagick | action=edit | files=3
2025-06-27 12:34:00 | WARN | repo=ImageMagick | action=pull
2025-10-20 20:43:00 | DEBUG | repo=ImageMagick | action=edit | files=4
2025-02-21 16:06:00 | DEBUG | repo=ImageMagick | action=commit
2025-02-23 14:28:00 | DEBUG | repo=ImageMagick | action=commit
2025-11-26 18:58:00 | WARN | repo=ImageMagick | action=commit
2025-02-02 13:03:00 | WARN | repo=ImageMagick | action=edit | files=4
2025-07-24 14:35:00 | INFO | repo=ImageMagick | action=pull
2025-06-23 17:48:00 | WARN | repo=ImageMagick | action=commit
2025-03-05 12:25:00 | INFO | repo=ImageMagick | action=edit | files=3
2025-06-22 08:19:00 | DEBUG | repo=ImageMagick | action=commit
2025-12-24 21:57:00 | INFO | repo=ImageMagick | action=commit
2025-02-09 15:04:00 | DEBUG | repo=ImageMagick | action=commit
2025-10-09 18:04:00 | WARN | repo=ImageMagick | action=pull
2025-09-25 15:34:00 | WARN | repo=ImageMagick | action=commit
2025-02-25 08:06:00 | WARN | repo=ImageMagick | action=commit
2025-10-23 11:40:00 | INFO | repo=ImageMagick | action=commit
2025-07-11 16:45:00 | INFO | repo=ImageMagick | action=commit
2025-11-14 12:30:00 | DEBUG | repo=ImageMagick | action=test | passed=true
2025-04-28 10:08:00 | WARN | repo=ImageMagick | action=commit
2025-08-22 17:50:00 | WARN | repo=ImageMagick | action=commit
2025-09-03 08:38:00 | INFO | repo=ImageMagick | action=commit
2025-06-01 13:28:00 | WARN | repo=ImageMagick | action=commit
2025-08-19 08:07:00 | INFO | repo=ImageMagick | action=commit
2025-07-24 19:43:00 | DEBUG | repo=ImageMagick | action=test | passed=true
2025-10-09 11:36:00 | WARN | repo=ImageMagick | action=test | passed=true
2025-03-19 19:44:00 | WARN | repo=ImageMagick | action=commit
2025-12-06 13:44:00 | DEBUG | repo=ImageMagick | action=commit
2025-07-27 19:33:00 | DEBUG | repo=ImageMagick | action=commit
2025-09-05 16:21:00 | DEBUG | repo=ImageMagick | action=commit
2025-04-18 21:30:00 | WARN | repo=ImageMagick | action=test | passed=true
2025-06-03 20:04:00 | DEBUG | repo=ImageMagick | action=commit
2025-05-26 19:37:00 | INFO | repo=ImageMagick | action=commit
2025-07-22 10:22:00 | DEBUG | repo=ImageMagick | action=edit | files=1
2025-03-05 14:13:00 | DEBUG | repo=ImageMagick | action=commit
2025-08-10 08:38:00 | INFO | repo=ImageMagick | action=commit
2025-05-24 17:40:00 | DEBUG | repo=ImageMagick | action=commit
2025-03-27 17:00:00 | WARN | repo=ImageMagick | action=test | passed=true
2025-12-15 10:13:00 | DEBUG | repo=ImageMagick | action=test | passed=true
2025-08-25 17:17:00 | DEBUG | repo=ImageMagick | action=commit
2025-05-06 19:36:00 | INFO | repo=ImageMagick | action=commit
2025-03-13 09:54:00 | INFO | repo=ImageMagick | action=commit
2025-06-09 20:07:00 | INFO | repo=ImageMagick | action=edit | files=1
2025-04-16 08:20:00 | INFO | repo=ImageMagick | action=commit
2025-04-14 08:16:00 | INFO | repo=ImageMagick | action=commit
2025-06-03 19:41:00 | INFO | repo=ImageMagick | action=pull
2025-02-14 21:41:00 | INFO | repo=ImageMagick | action=pull
2025-06-23 17:12:00 | WARN | repo=ImageMagick | action=test | passed=true
2025-03-15 18:24:00 | WARN | repo=ImageMagick | action=pull
2025-06-25 09:39:00 | INFO | repo=ImageMagick | action=test | passed=true
2025-06-24 07:10:00 | INFO | repo=ImageMagick | action=commit
2025-04-09 13:49:00 | DEBUG | repo=ImageMagick | action=commit
2025-06-26 15:55:00 | INFO | repo=ImageMagick | action=commit
2025-08-21 11:30:00 | INFO | repo=ImageMagick | action=edit | files=4
2025-12-07 11:15:00 | WARN | repo=ImageMagick | action=commit
2025-11-23 16:08:00 | INFO | repo=ImageMagick | action=test | passed=true
2025-05-18 15:28:00 | INFO | repo=ImageMagick | action=commit
2025-09-20 15:53:00 | WARN | repo=ImageMagick | action=commit
2025-08-10 10:21:00 | INFO | repo=ImageMagick | action=test | passed=true
2025-12-12 20:44:00 | DEBUG | repo=ImageMagick | action=test | passed=true
2025-06-10 21:47:00 | WARN | repo=ImageMagick | action=pull
2025-02-06 11:50:00 | WARN | repo=ImageMagick | action=commit
2025-07-22 17:58:00 | DEBUG | repo=ImageMagick | action=commit
2025-12-10 21:45:00 | DEBUG | repo=ImageMagick | action=test | passed=true
2025-05-28 09:25:00 | INFO | repo=ImageMagick | action=commit
2025-10-10 14:33:00 | INFO | repo=ImageMagick | action=commit
2025-11-12 17:26:00 | DEBUG | repo=ImageMagick | action=test | passed=true
2025-03-12 12:22:00 | WARN | repo=ImageMagick | action=commit
2025-11-11 18:19:00 | INFO | repo=ImageMagick | action=test | passed=true
2025-06-05 20:53:00 | WARN | repo=ImageMagick | action=edit | files=5
2025-07-28 11:11:00 | INFO | repo=ImageMagick | action=commit
2025-12-02 14:26:00 | INFO | repo=ImageMagick | action=commit
2025-03-25 10:56:00 | INFO | repo=ImageMagick | action=edit | files=4
2025-07-01 19:01:00 | WARN | repo=ImageMagick | action=commit
2025-04-13 19:13:00 | WARN | repo=ImageMagick | action=pull
2025-11-06 20:02:00 | WARN | repo=ImageMagick | action=commit
2025-08-14 17:41:00 | DEBUG | repo=ImageMagick | action=commit
2025-07-18 14:20:00 | WARN | repo=ImageMagick | action=commit
2025-11-09 07:22:00 | WARN | repo=ImageMagick | action=test | passed=true
2025-02-14 18:50:00 | DEBUG | repo=ImageMagick | action=pull
2025-06-02 18:36:00 | INFO | repo=ImageMagick | action=test | passed=true
2025-03-19 09:56:00 | WARN | repo=ImageMagick | action=commit
2025-08-14 07:49:00 | INFO | repo=ImageMagick | action=commit
2025-12-11 14:28:00 | DEBUG | repo=ImageMagick | action=edit | files=4
2025-06-18 12:35:00 | INFO | repo=ImageMagick | action=commit
2025-11-14 08:02:00 | WARN | repo=ImageMagick | action=commit
2025-03-16 18:58:00 | INFO | repo=ImageMagick | action=commit
2025-03-14 13:53:00 | WARN | repo=ImageMagick | action=pull
2025-07-02 20:21:00 | INFO | repo=ImageMagick | action=commit
2025-01-25 10:39:00 | DEBUG | repo=ImageMagick | action=commit
2025-04-05 14:17:00 | DEBUG | repo=ImageMagick | action=test | passed=true
2025-12-13 07:08:00 | DEBUG | repo=ImageMagick | action=commit
2025-11-25 18:32:00 | WARN | repo=ImageMagick | action=commit
2025-08-08 12:50:00 | INFO | repo=ImageMagick | action=test | passed=true
2025-10-05 10:38:00 | DEBUG | repo=ImageMagick | action=commit
2025-07-28 08:53:00 | DEBUG | repo=ImageMagick | action=commit
2025-11-24T12:01:00 | nonce=15652089956018607159
2025-09-21T14:27:00 | nonce=7510690172728264813
2025-08-02T15:51:00 | nonce=7828106454121731693
2025-09-06T17:15:00 | nonce=1064184063832391296
2025-12-13T12:27:00 | nonce=11354959742506329016
2025-11-23T13:48:00 | nonce=529816328817031072
2025-04-10T13:39:00 | nonce=2316981943116684804
2025-12-19T18:54:00 | nonce=6092971148510969355
2025-11-27T09:32:00 | nonce=10578241437273212190
2025-03-12T20:10:00 | nonce=15764962183687877522
2025-09-13T09:50:00 | nonce=4314864133212918295
2025-01-01T10:18:00 | nonce=3786334042316514672
2025-04-01T19:31:00 | nonce=6996343037769772368
2025-05-30T09:17:00 | nonce=10671519752044583056
2025-06-21T20:17:00 | nonce=9507487431503665487
2025-07-15T13:22:00 | nonce=17351765859006415615
2025-08-22T19:36:00 | nonce=8718435671688482085
2025-09-14T12:10:00 | nonce=8005716484404265040
2025-12-03T16:43:00 | nonce=462468741811786319
2024-11-25T17:51:00 | nonce=6183188282884963140
2024-12-11T20:11:00 | nonce=1489042738256991391
2025-11-11T09:19:00 | nonce=11926831068745477080
2024-06-19T11:15:00 | nonce=7086879079008224287
2024-09-12T17:42:00 | nonce=6496694008229061351
2024-03-11T17:54:00 | nonce=6139535856683449994
2025-11-04T10:00:00 | nonce=11289417602427756948
2025-03-16T17:59:00 | nonce=16339996405894575885
2024-07-22T20:54:00 | nonce=4095570096047711166
2024-08-12T11:20:00 | nonce=10749554950566477447
2025-12-10T10:34:00 | nonce=3882898614058140069
2025-03-27T15:15:00 | nonce=17598688601076984768
2024-10-04T12:28:00 | nonce=9093918535287163909
2025-05-01T10:07:00 | nonce=5501390366172188213
2025-09-16T13:51:00 | nonce=7091712136196363408
2024-07-02T11:39:00 | nonce=11609518612505463259
2024-03-27T13:53:00 | nonce=15798943207459580627
2025-02-02T19:11:00 | nonce=15608182444040093167
2025-09-12T19:45:00 | nonce=3252405247202317375
2025-07-04T13:00:00 | nonce=9764352020207288088
2024-01-14T19:28:00 | nonce=5273025874874325875
2024-03-02T16:51:00 | nonce=5210493834312347365
2024-05-17T12:21:00 | nonce=10472341982733216298
2024-08-17T20:55:00 | nonce=13761043086673696276
2024-08-23T17:33:00 | nonce=13754740113811651800
2024-10-11T19:44:00 | nonce=11601398623895344729
2024-12-14T09:22:00 | nonce=14270267850288746632
2025-05-07T13:04:00 | nonce=17712533320081366727
2025-06-03T17:52:00 | nonce=11301998600277411095
2025-07-19T18:30:00 | nonce=11159323157668542712
2025-08-15T16:57:00 | nonce=17766236237876175987
2025-09-18T13:34:00 | nonce=12136236774779595047
2025-06-16T12:33:00 | nonce=17113072204319127984
2025-04-13T16:04:00 | nonce=17287441404699901648
2025-02-20T11:46:00 | nonce=4977520212535184313
2025-01-15T17:44:00 | nonce=4709262582146019329
2025-02-08T13:01:00 | nonce=16948050127545155290
2025-10-14T17:47:00 | nonce=3620266194385535199
2025-08-19T12:28:00 | nonce=8899516814676388773
2025-03-11T16:06:00 | nonce=18423204018373235896
2025-06-06T09:34:00 | nonce=13544043971113672861
2025-05-19T17:32:00 | nonce=14676336126859942178
2025-10-07T15:01:00 | nonce=12707005241259024582
2025-03-04T10:36:00 | nonce=10809058838078755236
2025-06-06T13:39:00 | nonce=1372388494769425426
2025-04-18T12:10:00 | nonce=6725648868980915009
2025-01-27T18:32:00 | nonce=8738552217598262950
2025-05-26T20:19:00 | nonce=13642713786793054376
2025-06-25T19:45:00 | nonce=597117071568786382
2025-08-09T15:00:00 | nonce=16394913317723497650
2025-06-13T11:19:00 | nonce=2928754103769765695
2025-10-07T14:06:00 | nonce=8269191259024560062
2025-02-07T12:32:00 | nonce=14838063023833742254
2025-04-28T11:10:00 | nonce=12761110552302283126
2025-10-13T10:32:00 | nonce=16554742048342780784
2025-10-02T18:34:00 | nonce=10893650407982940144
2025-10-29T13:47:00 | nonce=4249255994018842081
2025-10-30T14:25:00 | nonce=6451546458226710516
